[trabalheconosco.vagas.com.br/hyundai/oportunidade/programa-de-estagio-2023-hyundai-motor-brasil/25511549f51.html]
[backblue.gif]
[fade.gif]
[index.html]
[trabalheconosco.vagas.com.br/assets/application-5e04ab28cbb38497a529b765ba68b778592d44e291a4a424605f397611dc4719.css]
[trabalheconosco.vagas.com.br/assets/templates/raffaello-c78462b71ba5728cd5285d93a40dc5614a5b38c0b5a3d8f66201f66f7b896630.css]
[trabalheconosco.vagas.com.br/assets/application-b8e40ae33b1d06d867af247d0401272ddd37ae2178166643dc17559c5ee26cc4.js]
[trabalheconosco.vagas.com.br/assets/templates/raffaello-f883126c31a4ccd84c19572c42f06cf1cb3bb7050d24d8a8257a5beb632ae7e0.js]
[static.vagas.com.br/portais-de-carreira/images/headers/original/logo-hyundai-vagas6221.jpg]
[app.privally.global/app.next.js]
[plugin.handtalk.me/web/latest/handtalk.min.js]
[trabalheconosco.vagas.com.br/cdn-cgi/challenge-platform/scripts/jsd/main.a.delayed]
[trabalheconosco.vagas.com.br/hyundai/oportunidade/programa-de-estagio-2023-hyundai-motor-brasil/25511549f51.html]
[www.googletagmanager.com/gtm5445.html]
[trabalheconosco.vagas.com.br/cdn-cgi/challenge-platform/h/g/scripts/jsd/dffb14d6/main.js]
[trabalheconosco.vagas.com.br/assets/bootstrap/glyphicons-halflings-regular-13634da87d9e23f8c3ed9108ce1724d183a39ad072e73e1b3d8cbf646d2d0407.eot]
[trabalheconosco.vagas.com.br/assets/bootstrap/glyphicons-halflings-regular-13634da87d9e23f8c3ed9108ce1724d183a39ad072e73e1b3d8cbf646d2d0407d41d.eot]
[trabalheconosco.vagas.com.br/assets/bootstrap/glyphicons-halflings-regular-fe185d11a49676890d47bb783312a0cda5a44c4039214094e7957b4c040ef11c.woff2]
[trabalheconosco.vagas.com.br/assets/bootstrap/glyphicons-halflings-regular-a26394f7ede100ca118eff2eda08596275a9839b959c226e15439557a5a80742.woff]
[trabalheconosco.vagas.com.br/assets/bootstrap/glyphicons-halflings-regular-e395044093757d82afcb138957d06a1ea9361bdcf0b442d06a18a8051af57456.ttf]
[trabalheconosco.vagas.com.br/assets/bootstrap/glyphicons-halflings-regular-42f60659d265c1a3c30f9fa42abcbb56bd4a53af4d83d316d6dd7a36903c43e5.svg]
[trabalheconosco.vagas.com.br/assets/font-awesome/fontawesome-webfont-7bfcab6db99d5cfbf1705ca0536ddc78585432cc5fa41bbd7ad0f009033b29793e6e.eot]
[trabalheconosco.vagas.com.br/assets/font-awesome/fontawesome-webfont-2adefcbc041e7d18fcf2d417879dc5a09997aa64d675b7a3c4b6ce33da13f3fe3e6e.woff2]
[trabalheconosco.vagas.com.br/assets/font-awesome/fontawesome-webfont-ba0c59deb5450f5cb41b3f93609ee2d0d995415877ddfa223e8a8a7533474f073e6e.woff]
[trabalheconosco.vagas.com.br/assets/font-awesome/fontawesome-webfont-aa58f33f239a0fb02f5c7a6c45c043d7a9ac9a093335806694ecd6d4edc0d6a83e6e.ttf]
[trabalheconosco.vagas.com.br/assets/font-awesome/fontawesome-webfont-ad6157926c1622ba4e1d03d478f1541368524bfc46f51e42fe0d945f7ef323e43e6e.svg]
[trabalheconosco.vagas.com.br/assets/opensans-italic-webfont-79ac83481f6f9a8c355e59269e0a74b3a106059601e50a6191ee1d6dc63fe9d5.eot]
[trabalheconosco.vagas.com.br/assets/opensans-italic-webfont-79ac83481f6f9a8c355e59269e0a74b3a106059601e50a6191ee1d6dc63fe9d5d41d.eot]
[trabalheconosco.vagas.com.br/assets/opensans-italic-webfont-e27de9fda7fa72a6c21e1e61846f9fc455c9e4fffa001b1ace1683276c7fb761.woff2]
[trabalheconosco.vagas.com.br/assets/opensans-italic-webfont-d00b31648ead3de5c3d6591736c5cf372a31f6521e8c8da519a8e1e9c404cc40.woff]
[trabalheconosco.vagas.com.br/assets/opensans-italic-webfont-6dbee6874127fe793828a0673a65c278c260cbb03c999fb0de7f308cbcb0765c.ttf]
[trabalheconosco.vagas.com.br/assets/opensans-italic-webfont-bd05cab65a1e61698e70c9734c5016061ed6181ac01219ba80917208522982f0.svg]
[trabalheconosco.vagas.com.br/assets/opensans-regular-webfont-4e4ed163a58e5885d783c6e0493cee91797981971b5bd0aecc868198cd5f45ac.eot]
[trabalheconosco.vagas.com.br/assets/opensans-regular-webfont-4e4ed163a58e5885d783c6e0493cee91797981971b5bd0aecc868198cd5f45acd41d.eot]
[trabalheconosco.vagas.com.br/assets/opensans-regular-webfont-b517e30d4aeff248e6b0a7c6fa6d08edc797baf2a3fadbc730de827b97bfabc0.woff2]
[trabalheconosco.vagas.com.br/assets/opensans-regular-webfont-7905be39599a0bbb89f28035ec9335ccdf708352f3105a5902f2f001ea4252df.woff]
[trabalheconosco.vagas.com.br/assets/opensans-regular-webfont-9620e0b4d51eeebd32e1abe4e5b5ecceec49fbd8aade2cc35d4b425dc27ec114.ttf]
[trabalheconosco.vagas.com.br/assets/opensans-regular-webfont-ff7475a1a018b12c3e667c010556de73ad0311146d78c6efae15bddf5181882e.svg]
[trabalheconosco.vagas.com.br/assets/opensans-semibold-webfont-f2c33113f834e3c0a015b65dd5d68c596a80109098fff1872d5730dca82e238f.eot]
[trabalheconosco.vagas.com.br/assets/opensans-semibold-webfont-f2c33113f834e3c0a015b65dd5d68c596a80109098fff1872d5730dca82e238fd41d.eot]
[trabalheconosco.vagas.com.br/assets/opensans-semibold-webfont-7e6ced26f68a6f5044b766c676f23bf5b4e8392f8e6735a7df9814cacc391504.woff2]
[trabalheconosco.vagas.com.br/assets/opensans-semibold-webfont-88b441340486c80ee843274c202c95392a43eb97aa1d50de95d81d63d3fa0738.woff]
[trabalheconosco.vagas.com.br/assets/opensans-semibold-webfont-88182ac2cc30c0eb5afad55168d66b244a98267ff48ddc57146ad791c4295ff2.ttf]
[trabalheconosco.vagas.com.br/assets/opensans-semibold-webfont-7ae627569ffe951d9c5722baa367df94cd365b35dcf23f0443c48c439752d554.svg]
[trabalheconosco.vagas.com.br/assets/opensans-semibolditalic-webfont-aaf7cdfb1b9b6c3fa6272c1c980fcfa1b97a57e5e4edc60b93eba0741a8554c6.eot]
[trabalheconosco.vagas.com.br/assets/opensans-semibolditalic-webfont-aaf7cdfb1b9b6c3fa6272c1c980fcfa1b97a57e5e4edc60b93eba0741a8554c6d41d.eot]
[trabalheconosco.vagas.com.br/assets/opensans-semibolditalic-webfont-e3a3ad5e18a3dd91e22890f9fa5ce4a1a98d05dee5abec701aae99fe49adb309.woff2]
[trabalheconosco.vagas.com.br/assets/opensans-semibolditalic-webfont-5d534f259c8a7007e675830f48e75d5a0e83a26f38d792399a222651c091dc59.woff]
[trabalheconosco.vagas.com.br/assets/opensans-semibolditalic-webfont-ca6df6a5467cb6fae88d3b16acb4ae5e1b934a92ec17387d571fb823473983a2.ttf]
[trabalheconosco.vagas.com.br/assets/opensans-semibolditalic-webfont-0487595b277a4cc72315627bcb2db96c618b9bf7a74bd0ec1018a808ccb12724.svg]
[trabalheconosco.vagas.com.br/assets/saturation-373292b9226296d598f0827e253a3ed87fa1aee38cfebb0620fb380c682186bd.png]
[trabalheconosco.vagas.com.br/assets/hue-76f600a164cf16262dd78abfd05bca52315ac9ef660a962bc86145322f43072a.png]
[trabalheconosco.vagas.com.br/assets/alpha-d0d1b42617b82f34ac9d0362ee4563d58b535bf7b785ed475e388b4a2a2106b2.png]
[trabalheconosco.vagas.com.br/assets/application-5e04ab28cbb38497a529b765ba68b778592d44e291a4a424605f397611dc4719.css]
[trabalheconosco.vagas.com.br/assets/templates/raffaello-c78462b71ba5728cd5285d93a40dc5614a5b38c0b5a3d8f66201f66f7b896630.css]
[trabalheconosco.vagas.com.br/assets/bootstrap/glyphicons-halflings-regular-42f60659d265c1a3c30f9fa42abcbb56bd4a53af4d83d316d6dd7a36903c43e5.svg]
[trabalheconosco.vagas.com.br/assets/font-awesome/fontawesome-webfont-ad6157926c1622ba4e1d03d478f1541368524bfc46f51e42fe0d945f7ef323e43e6e.svg]
[trabalheconosco.vagas.com.br/assets/opensans-italic-webfont-bd05cab65a1e61698e70c9734c5016061ed6181ac01219ba80917208522982f0.svg]
[trabalheconosco.vagas.com.br/assets/opensans-regular-webfont-ff7475a1a018b12c3e667c010556de73ad0311146d78c6efae15bddf5181882e.svg]
[trabalheconosco.vagas.com.br/assets/opensans-semibold-webfont-7ae627569ffe951d9c5722baa367df94cd365b35dcf23f0443c48c439752d554.svg]
[trabalheconosco.vagas.com.br/assets/opensans-semibolditalic-webfont-0487595b277a4cc72315627bcb2db96c618b9bf7a74bd0ec1018a808ccb12724.svg]
